ERROR:asyncio:Task exception was never retrieved
future: <Task finished name='Task-1' coro=<main() done, defined at /home/a/aslon/livekit-assistant/test/test_client_webrtc.py:16> exception=ValueError('api_key and api_secret must be set')>
Traceback (most recent call last):
  File "/home/a/aslon/livekit-assistant/test/test_client_webrtc.py", line 18, in main
    api.AccessToken()
  File "/home/a/aslon/livekit-assistant/livekit_venv/lib/python3.11/site-packages/livekit/api/access_token.py", line 95, in __init__
    raise ValueError("api_key and api_secret must be set")
ValueError: api_key and api_secret must be set
INFO:livekit:livekit_ffi::server:132:livekit_ffi::server - initializing ffi server v0.9.1
INFO:livekit:livekit_ffi::cabi:27:livekit_ffi::cabi - initializing ffi server v0.9.1
INFO:livekit:livekit_api::signal_client::signal_stream:96:livekit_api::signal_client::signal_stream - connecting to wss://consultant-ai-weia2b76.livekit.cloud/rtc?sdk=rust&protocol=15&auto_subscribe=1&adaptive_stream=0&access_token=...
INFO:root:connected to room my-room
INFO:root:participants: {'python-bot': <livekit.rtc.participant.RemoteParticipant object at 0x7fb7b394c910>}
INFO:root:published track TR_AMJf5XNJsMubCX
INFO:root:active speakers changed: []
INFO:root:participant disconnected: PA_9cJHUNDThWYg python-bot
INFO:livekit:livekit_ffi::server:132:livekit_ffi::server - initializing ffi server v0.9.1
INFO:livekit:livekit_ffi::cabi:27:livekit_ffi::cabi - initializing ffi server v0.9.1
INFO:livekit:livekit_api::signal_client::signal_stream:96:livekit_api::signal_client::signal_stream - connecting to wss://consultant-ai-weia2b76.livekit.cloud/rtc?sdk=rust&protocol=15&auto_subscribe=1&adaptive_stream=0&access_token=...
INFO:root:connected to room my-room
INFO:root:participants: {}
INFO:root:published track TR_AM6k7sj2RqCuVw
INFO:root:active speakers changed: []
INFO:livekit:livekit::room:1027:livekit::room - disconnected from room with reason: ClientInitiated
INFO:root:connection state changed: 0
ERROR:root:error running user callback for disconnected: room_handle: 3
disconnected {
  reason: CLIENT_INITIATED
}
Traceback (most recent call last):
  File "/home/a/aslon/livekit-assistant/livekit_venv/lib/python3.11/site-packages/livekit/rtc/room.py", line 255, in _listen_task
    self._on_room_event(event.room_event)
  File "/home/a/aslon/livekit-assistant/livekit_venv/lib/python3.11/site-packages/livekit/rtc/room.py", line 505, in _on_room_event
    self.emit("disconnected", event.disconnected.reason)
  File "/home/a/aslon/livekit-assistant/livekit_venv/lib/python3.11/site-packages/livekit/rtc/_event_emitter.py", line 14, in emit
    callback(*args, **kwargs)
TypeError: main.<locals>.on_disconnected() takes 0 positional arguments but 1 was given
INFO:livekit:livekit_ffi::server:132:livekit_ffi::server - initializing ffi server v0.9.1
INFO:livekit:livekit_ffi::cabi:27:livekit_ffi::cabi - initializing ffi server v0.9.1
INFO:livekit:livekit_api::signal_client::signal_stream:96:livekit_api::signal_client::signal_stream - connecting to wss://consultant-ai-weia2b76.livekit.cloud/rtc?sdk=rust&protocol=15&auto_subscribe=1&adaptive_stream=0&access_token=...
INFO:root:connected to room my-room
INFO:root:participants: {'python-bot': <livekit.rtc.participant.RemoteParticipant object at 0x7f6b6e005890>}
INFO:root:published track TR_AMBmz2pPoYtkJK
INFO:root:active speakers changed: []
INFO:root:participant disconnected: PA_vohCsgnJ2vwc python-bot
INFO:livekit:livekit::room:1027:livekit::room - disconnected from room with reason: ClientInitiated
INFO:root:connection state changed: 0
ERROR:root:error running user callback for disconnected: room_handle: 3
disconnected {
  reason: CLIENT_INITIATED
}
Traceback (most recent call last):
  File "/home/a/aslon/livekit-assistant/livekit_venv/lib/python3.11/site-packages/livekit/rtc/room.py", line 255, in _listen_task
    self._on_room_event(event.room_event)
  File "/home/a/aslon/livekit-assistant/livekit_venv/lib/python3.11/site-packages/livekit/rtc/room.py", line 505, in _on_room_event
    self.emit("disconnected", event.disconnected.reason)
  File "/home/a/aslon/livekit-assistant/livekit_venv/lib/python3.11/site-packages/livekit/rtc/_event_emitter.py", line 14, in emit
    callback(*args, **kwargs)
TypeError: main.<locals>.on_disconnected() takes 0 positional arguments but 1 was given
INFO:livekit:livekit_ffi::server:132:livekit_ffi::server - initializing ffi server v0.9.1
INFO:livekit:livekit_ffi::cabi:27:livekit_ffi::cabi - initializing ffi server v0.9.1
INFO:livekit:livekit_api::signal_client::signal_stream:96:livekit_api::signal_client::signal_stream - connecting to wss://consultant-ai-weia2b76.livekit.cloud/rtc?sdk=rust&protocol=15&auto_subscribe=1&adaptive_stream=0&access_token=...
INFO:root:connected to room my-room
INFO:root:participants: {}
INFO:root:published track TR_AMSRAEALZ2mvyz
INFO:root:active speakers changed: []
INFO:livekit:livekit::room:1027:livekit::room - disconnected from room with reason: ClientInitiated
INFO:root:connection state changed: 0
ERROR:root:error running user callback for disconnected: room_handle: 3
disconnected {
  reason: CLIENT_INITIATED
}
Traceback (most recent call last):
  File "/home/a/aslon/livekit-assistant/livekit_venv/lib/python3.11/site-packages/livekit/rtc/room.py", line 255, in _listen_task
    self._on_room_event(event.room_event)
  File "/home/a/aslon/livekit-assistant/livekit_venv/lib/python3.11/site-packages/livekit/rtc/room.py", line 505, in _on_room_event
    self.emit("disconnected", event.disconnected.reason)
  File "/home/a/aslon/livekit-assistant/livekit_venv/lib/python3.11/site-packages/livekit/rtc/_event_emitter.py", line 14, in emit
    callback(*args, **kwargs)
TypeError: main.<locals>.on_disconnected() takes 0 positional arguments but 1 was given
INFO:livekit:livekit_ffi::server:132:livekit_ffi::server - initializing ffi server v0.9.1
INFO:livekit:livekit_ffi::cabi:27:livekit_ffi::cabi - initializing ffi server v0.9.1
INFO:livekit:livekit_api::signal_client::signal_stream:96:livekit_api::signal_client::signal_stream - connecting to wss://consultant-ai-weia2b76.livekit.cloud/rtc?sdk=rust&protocol=15&auto_subscribe=1&adaptive_stream=0&access_token=...
INFO:root:connected to room my-room
INFO:root:participants: {'python-bot': <livekit.rtc.participant.RemoteParticipant object at 0x7f9f024aca50>}
INFO:root:published track TR_AMqr3KHDXXpES2
INFO:root:active speakers changed: []
INFO:root:participant disconnected: PA_td6yYgtm95oS python-bot
INFO:root:participant connected: PA_nt6uvXKi7SN6 python-bot
INFO:root:connection quality changed for python-client
INFO:root:participant disconnected: PA_nt6uvXKi7SN6 python-bot
INFO:livekit:livekit::room:1027:livekit::room - disconnected from room with reason: ClientInitiated
INFO:root:connection state changed: 0
ERROR:root:error running user callback for disconnected: room_handle: 3
disconnected {
  reason: CLIENT_INITIATED
}
Traceback (most recent call last):
  File "/home/a/aslon/livekit-assistant/livekit_venv/lib/python3.11/site-packages/livekit/rtc/room.py", line 255, in _listen_task
    self._on_room_event(event.room_event)
  File "/home/a/aslon/livekit-assistant/livekit_venv/lib/python3.11/site-packages/livekit/rtc/room.py", line 505, in _on_room_event
    self.emit("disconnected", event.disconnected.reason)
  File "/home/a/aslon/livekit-assistant/livekit_venv/lib/python3.11/site-packages/livekit/rtc/_event_emitter.py", line 14, in emit
    callback(*args, **kwargs)
TypeError: main.<locals>.on_disconnected() takes 0 positional arguments but 1 was given
INFO:livekit:livekit_ffi::server:132:livekit_ffi::server - initializing ffi server v0.9.1
INFO:livekit:livekit_ffi::cabi:27:livekit_ffi::cabi - initializing ffi server v0.9.1
INFO:livekit:livekit_api::signal_client::signal_stream:96:livekit_api::signal_client::signal_stream - connecting to wss://consultant-ai-weia2b76.livekit.cloud/rtc?sdk=rust&protocol=15&auto_subscribe=1&adaptive_stream=0&access_token=...
INFO:root:connected to room my-room
INFO:root:participants: {}
INFO:root:published track TR_AM7RPST7bufvcb
INFO:root:connection quality changed for python-client
INFO:root:active speakers changed: []
INFO:livekit:livekit_ffi::server:132:livekit_ffi::server - initializing ffi server v0.9.1
INFO:livekit:livekit_ffi::cabi:27:livekit_ffi::cabi - initializing ffi server v0.9.1
INFO:livekit:livekit_api::signal_client::signal_stream:96:livekit_api::signal_client::signal_stream - connecting to wss://consultant-ai-weia2b76.livekit.cloud/rtc?sdk=rust&protocol=15&auto_subscribe=1&adaptive_stream=0&access_token=...
INFO:root:connected to room my-room
INFO:root:participants: {'python-bot': <livekit.rtc.participant.RemoteParticipant object at 0x7fb7c2e390d0>}
INFO:root:published track TR_AM3VXzEScg54D6
INFO:root:active speakers changed: []
INFO:livekit:livekit::room:1027:livekit::room - disconnected from room with reason: ClientInitiated
INFO:root:connection state changed: 0
ERROR:root:error running user callback for disconnected: room_handle: 3
disconnected {
  reason: CLIENT_INITIATED
}
Traceback (most recent call last):
  File "/home/a/aslon/livekit-assistant/livekit_venv/lib/python3.11/site-packages/livekit/rtc/room.py", line 255, in _listen_task
    self._on_room_event(event.room_event)
  File "/home/a/aslon/livekit-assistant/livekit_venv/lib/python3.11/site-packages/livekit/rtc/room.py", line 505, in _on_room_event
    self.emit("disconnected", event.disconnected.reason)
  File "/home/a/aslon/livekit-assistant/livekit_venv/lib/python3.11/site-packages/livekit/rtc/_event_emitter.py", line 14, in emit
    callback(*args, **kwargs)
TypeError: main.<locals>.on_disconnected() takes 0 positional arguments but 1 was given
INFO:livekit:livekit_ffi::server:132:livekit_ffi::server - initializing ffi server v0.9.1
INFO:livekit:livekit_ffi::cabi:27:livekit_ffi::cabi - initializing ffi server v0.9.1
INFO:livekit:livekit_api::signal_client::signal_stream:96:livekit_api::signal_client::signal_stream - connecting to wss://consultant-ai-weia2b76.livekit.cloud/rtc?sdk=rust&protocol=15&auto_subscribe=1&adaptive_stream=0&access_token=...
INFO:root:connected to room my-room
INFO:root:participants: {'python-bot': <livekit.rtc.participant.RemoteParticipant object at 0x7f76d8ad92d0>}
INFO:root:published track TR_AMyfqMYtc4zb7A
INFO:root:active speakers changed: []
INFO:livekit:livekit_ffi::server:132:livekit_ffi::server - initializing ffi server v0.9.1
INFO:livekit:livekit_ffi::cabi:27:livekit_ffi::cabi - initializing ffi server v0.9.1
INFO:livekit:livekit_api::signal_client::signal_stream:96:livekit_api::signal_client::signal_stream - connecting to wss://consultant-ai-weia2b76.livekit.cloud/rtc?sdk=rust&protocol=15&auto_subscribe=1&adaptive_stream=0&access_token=...
INFO:root:connected to room my-room
INFO:root:participants: {'python-bot': <livekit.rtc.participant.RemoteParticipant object at 0x7ff918c5cf90>}
INFO:root:published track TR_AM2rmky5sww9Pp
INFO:root:active speakers changed: []
INFO:root:participant disconnected: PA_tiUEpZoSTBSJ python-bot
ERROR:livekit:livekit_api::signal_client::signal_stream:190:livekit_api::signal_client::signal_stream - unhandled websocket message Err(Io(Os { code: 104, kind: ConnectionReset, message: "Connection reset by peer" }))
INFO:livekit:livekit_ffi::server:132:livekit_ffi::server - initializing ffi server v0.9.1
INFO:livekit:livekit_ffi::cabi:27:livekit_ffi::cabi - initializing ffi server v0.9.1
INFO:livekit:livekit_api::signal_client::signal_stream:96:livekit_api::signal_client::signal_stream - connecting to wss://consultant-ai-weia2b76.livekit.cloud/rtc?sdk=rust&protocol=15&auto_subscribe=1&adaptive_stream=0&access_token=...
INFO:root:connected to room my-room
INFO:root:participants: {'python-bot': <livekit.rtc.participant.RemoteParticipant object at 0x7f755c228f10>}
INFO:root:published track TR_AMKQthEve27TVW
INFO:root:active speakers changed: []
INFO:livekit:livekit::room:1027:livekit::room - disconnected from room with reason: ClientInitiated
INFO:root:connection state changed: 0
ERROR:root:error running user callback for disconnected: room_handle: 3
disconnected {
  reason: CLIENT_INITIATED
}
Traceback (most recent call last):
  File "/home/a/aslon/livekit-assistant/livekit_venv/lib/python3.11/site-packages/livekit/rtc/room.py", line 255, in _listen_task
    self._on_room_event(event.room_event)
  File "/home/a/aslon/livekit-assistant/livekit_venv/lib/python3.11/site-packages/livekit/rtc/room.py", line 505, in _on_room_event
    self.emit("disconnected", event.disconnected.reason)
  File "/home/a/aslon/livekit-assistant/livekit_venv/lib/python3.11/site-packages/livekit/rtc/_event_emitter.py", line 14, in emit
    callback(*args, **kwargs)
TypeError: main.<locals>.on_disconnected() takes 0 positional arguments but 1 was given
INFO:livekit:livekit_ffi::server:132:livekit_ffi::server - initializing ffi server v0.9.1
INFO:livekit:livekit_ffi::cabi:27:livekit_ffi::cabi - initializing ffi server v0.9.1
INFO:livekit:livekit_api::signal_client::signal_stream:96:livekit_api::signal_client::signal_stream - connecting to wss://consultant-ai-weia2b76.livekit.cloud/rtc?sdk=rust&protocol=15&auto_subscribe=1&adaptive_stream=0&access_token=...
INFO:root:connected to room my-room
INFO:root:participants: {'python-bot': <livekit.rtc.participant.RemoteParticipant object at 0x7f9931394d90>}
INFO:root:published track TR_AMDVhkcQpAU7qj
INFO:root:active speakers changed: []
INFO:livekit:livekit_ffi::server:132:livekit_ffi::server - initializing ffi server v0.9.1
INFO:livekit:livekit_ffi::cabi:27:livekit_ffi::cabi - initializing ffi server v0.9.1
INFO:livekit:livekit_api::signal_client::signal_stream:96:livekit_api::signal_client::signal_stream - connecting to wss://consultant-ai-weia2b76.livekit.cloud/rtc?sdk=rust&protocol=15&auto_subscribe=1&adaptive_stream=0&access_token=...
INFO:root:connected to room my-room
INFO:root:participants: {'python-bot': <livekit.rtc.participant.RemoteParticipant object at 0x7f0b63838850>}
INFO:root:published track TR_AMmwoQq7vKn4hS
INFO:root:active speakers changed: []
INFO:livekit:livekit::room:1027:livekit::room - disconnected from room with reason: ClientInitiated
INFO:livekit:livekit_ffi::server:132:livekit_ffi::server - initializing ffi server v0.9.1
INFO:livekit:livekit_ffi::cabi:27:livekit_ffi::cabi - initializing ffi server v0.9.1
INFO:livekit:livekit_api::signal_client::signal_stream:96:livekit_api::signal_client::signal_stream - connecting to wss://consultant-ai-weia2b76.livekit.cloud/rtc?sdk=rust&protocol=15&auto_subscribe=1&adaptive_stream=0&access_token=...
INFO:root:connected to room my-room
INFO:root:participants: {'python-bot': <livekit.rtc.participant.RemoteParticipant object at 0x7f0fd098d5d0>}
INFO:root:published track TR_AMXsVvYkPYNT96
INFO:root:active speakers changed: []
INFO:root:participant disconnected: PA_KmKESQ37thF2 python-bot
INFO:root:participant connected: PA_2mQsuLEPPwtR python-bot
INFO:root:connection quality changed for python-client
INFO:livekit:livekit_ffi::server:132:livekit_ffi::server - initializing ffi server v0.9.1
INFO:livekit:livekit_ffi::cabi:27:livekit_ffi::cabi - initializing ffi server v0.9.1
INFO:livekit:livekit_api::signal_client::signal_stream:96:livekit_api::signal_client::signal_stream - connecting to wss://consultant-ai-weia2b76.livekit.cloud/rtc?sdk=rust&protocol=15&auto_subscribe=1&adaptive_stream=0&access_token=...
INFO:root:connected to room my-room
INFO:root:participants: {'python-bot': <livekit.rtc.participant.RemoteParticipant object at 0x7f6975e68490>}
INFO:root:published track TR_AMb7zHtrj7HZoy
INFO:root:active speakers changed: []
INFO:root:participant disconnected: PA_7WJaR2yLag5o python-bot
INFO:livekit:livekit_ffi::server:132:livekit_ffi::server - initializing ffi server v0.9.1
INFO:livekit:livekit_ffi::cabi:27:livekit_ffi::cabi - initializing ffi server v0.9.1
INFO:livekit:livekit_api::signal_client::signal_stream:96:livekit_api::signal_client::signal_stream - connecting to wss://consultant-ai-weia2b76.livekit.cloud/rtc?sdk=rust&protocol=15&auto_subscribe=1&adaptive_stream=0&access_token=...
INFO:root:connected to room my-room
INFO:root:participants: {'python-bot': <livekit.rtc.participant.RemoteParticipant object at 0x7f55062f0e90>}
INFO:root:published track TR_AMsYx8KYwKxfmk
INFO:root:active speakers changed: []
INFO:livekit:livekit::room:1027:livekit::room - disconnected from room with reason: ClientInitiated
INFO:livekit:livekit_ffi::server:132:livekit_ffi::server - initializing ffi server v0.9.1
INFO:livekit:livekit_ffi::cabi:27:livekit_ffi::cabi - initializing ffi server v0.9.1
INFO:livekit:livekit_api::signal_client::signal_stream:96:livekit_api::signal_client::signal_stream - connecting to wss://consultant-ai-weia2b76.livekit.cloud/rtc?sdk=rust&protocol=15&auto_subscribe=1&adaptive_stream=0&access_token=...
INFO:root:connected to room my-room
INFO:root:participants: {'python-bot': <livekit.rtc.participant.RemoteParticipant object at 0x7eff54e90f10>}
INFO:root:published track TR_AMy2qVHZvvKFPb
INFO:root:active speakers changed: []
INFO:livekit:livekit_ffi::server:132:livekit_ffi::server - initializing ffi server v0.9.1
INFO:livekit:livekit_ffi::cabi:27:livekit_ffi::cabi - initializing ffi server v0.9.1
INFO:livekit:livekit_api::signal_client::signal_stream:96:livekit_api::signal_client::signal_stream - connecting to wss://consultant-ai-weia2b76.livekit.cloud/rtc?sdk=rust&protocol=15&auto_subscribe=1&adaptive_stream=0&access_token=...
INFO:root:connected to room my-room
INFO:root:participants: {'python-bot': <livekit.rtc.participant.RemoteParticipant object at 0x7f76b5540c50>}
INFO:root:published track TR_AMgmu9TzEyXaTL
INFO:root:active speakers changed: []
INFO:livekit:livekit_ffi::server:132:livekit_ffi::server - initializing ffi server v0.9.1
INFO:livekit:livekit_ffi::cabi:27:livekit_ffi::cabi - initializing ffi server v0.9.1
INFO:livekit:livekit_api::signal_client::signal_stream:96:livekit_api::signal_client::signal_stream - connecting to wss://consultant-ai-weia2b76.livekit.cloud/rtc?sdk=rust&protocol=15&auto_subscribe=1&adaptive_stream=0&access_token=...
INFO:root:connected to room my-room
INFO:root:participants: {'python-bot': <livekit.rtc.participant.RemoteParticipant object at 0x7f8af60d9e10>}
INFO:root:published track TR_AMgTQamFgKvkwP
INFO:root:active speakers changed: []
INFO:livekit:livekit::room:1027:livekit::room - disconnected from room with reason: ClientInitiated
INFO:root:connection state changed: 0
ERROR:root:error running user callback for disconnected: room_handle: 3
disconnected {
  reason: CLIENT_INITIATED
}
Traceback (most recent call last):
  File "/home/a/aslon/livekit-assistant/livekit_venv/lib/python3.11/site-packages/livekit/rtc/room.py", line 255, in _listen_task
    self._on_room_event(event.room_event)
  File "/home/a/aslon/livekit-assistant/livekit_venv/lib/python3.11/site-packages/livekit/rtc/room.py", line 505, in _on_room_event
    self.emit("disconnected", event.disconnected.reason)
  File "/home/a/aslon/livekit-assistant/livekit_venv/lib/python3.11/site-packages/livekit/rtc/_event_emitter.py", line 14, in emit
    callback(*args, **kwargs)
TypeError: main.<locals>.on_disconnected() takes 0 positional arguments but 1 was given
INFO:livekit:livekit_ffi::server:132:livekit_ffi::server - initializing ffi server v0.9.1
INFO:livekit:livekit_ffi::cabi:27:livekit_ffi::cabi - initializing ffi server v0.9.1
INFO:livekit:livekit_api::signal_client::signal_stream:96:livekit_api::signal_client::signal_stream - connecting to wss://consultant-ai-weia2b76.livekit.cloud/rtc?sdk=rust&protocol=15&auto_subscribe=1&adaptive_stream=0&access_token=...
INFO:root:connected to room my-room
INFO:root:participants: {'python-bot': <livekit.rtc.participant.RemoteParticipant object at 0x7f4932c24dd0>}
INFO:root:published track TR_AMk6bsz6CoBRG6
INFO:root:active speakers changed: []
INFO:livekit:livekit_ffi::server:132:livekit_ffi::server - initializing ffi server v0.9.1
INFO:livekit:livekit_ffi::cabi:27:livekit_ffi::cabi - initializing ffi server v0.9.1
INFO:livekit:livekit_api::signal_client::signal_stream:96:livekit_api::signal_client::signal_stream - connecting to wss://consultant-ai-weia2b76.livekit.cloud/rtc?sdk=rust&protocol=15&auto_subscribe=1&adaptive_stream=0&access_token=...
INFO:root:connected to room my-room
INFO:root:participants: {'python-bot': <livekit.rtc.participant.RemoteParticipant object at 0x7fcc40931110>}
INFO:root:published track TR_AM2xKx6SpSJFtg
INFO:root:active speakers changed: []
INFO:livekit:livekit::room:1027:livekit::room - disconnected from room with reason: ClientInitiated
INFO:root:connection state changed: 0
ERROR:root:error running user callback for disconnected: room_handle: 3
disconnected {
  reason: CLIENT_INITIATED
}
Traceback (most recent call last):
  File "/home/a/aslon/livekit-assistant/livekit_venv/lib/python3.11/site-packages/livekit/rtc/room.py", line 255, in _listen_task
    self._on_room_event(event.room_event)
  File "/home/a/aslon/livekit-assistant/livekit_venv/lib/python3.11/site-packages/livekit/rtc/room.py", line 505, in _on_room_event
    self.emit("disconnected", event.disconnected.reason)
  File "/home/a/aslon/livekit-assistant/livekit_venv/lib/python3.11/site-packages/livekit/rtc/_event_emitter.py", line 14, in emit
    callback(*args, **kwargs)
TypeError: main.<locals>.on_disconnected() takes 0 positional arguments but 1 was given
INFO:livekit:livekit_ffi::server:132:livekit_ffi::server - initializing ffi server v0.9.1
INFO:livekit:livekit_ffi::cabi:27:livekit_ffi::cabi - initializing ffi server v0.9.1
INFO:livekit:livekit_api::signal_client::signal_stream:96:livekit_api::signal_client::signal_stream - connecting to wss://consultant-ai-weia2b76.livekit.cloud/rtc?sdk=rust&protocol=15&auto_subscribe=1&adaptive_stream=0&access_token=...
INFO:root:connected to room my-room
INFO:root:participants: {'python-bot': <livekit.rtc.participant.RemoteParticipant object at 0x7ff08e958d90>}
INFO:root:published track TR_AM5hnu8hWL6PFF
INFO:root:active speakers changed: []
INFO:root:participant disconnected: PA_qguShwcvTxGD python-bot
INFO:root:participant connected: PA_8Nb2Mz7ZNLPw python-bot
INFO:root:connection quality changed for python-client
INFO:livekit:livekit::room:1027:livekit::room - disconnected from room with reason: ClientInitiated
INFO:root:connection state changed: 0
INFO:livekit:livekit_ffi::server:132:livekit_ffi::server - initializing ffi server v0.9.1
INFO:livekit:livekit_ffi::cabi:27:livekit_ffi::cabi - initializing ffi server v0.9.1
INFO:livekit:livekit_api::signal_client::signal_stream:96:livekit_api::signal_client::signal_stream - connecting to wss://consultant-ai-weia2b76.livekit.cloud/rtc?sdk=rust&protocol=15&auto_subscribe=1&adaptive_stream=0&access_token=...
INFO:root:connected to room my-room
INFO:root:participants: {'python-bot': <livekit.rtc.participant.RemoteParticipant object at 0x7f0516e3d150>}
INFO:root:published track TR_AM66NjtMBz7o44
INFO:root:active speakers changed: []
INFO:livekit:livekit::room:1027:livekit::room - disconnected from room with reason: ClientInitiated
INFO:root:connection state changed: 0
INFO:livekit:livekit_ffi::server:132:livekit_ffi::server - initializing ffi server v0.9.1
INFO:livekit:livekit_ffi::cabi:27:livekit_ffi::cabi - initializing ffi server v0.9.1
INFO:livekit:livekit_api::signal_client::signal_stream:96:livekit_api::signal_client::signal_stream - connecting to wss://consultant-ai-weia2b76.livekit.cloud/rtc?sdk=rust&protocol=15&auto_subscribe=1&adaptive_stream=0&access_token=...
INFO:root:connected to room my-room
INFO:root:participants: {'python-bot': <livekit.rtc.participant.RemoteParticipant object at 0x7f26f1414d50>}
INFO:root:published track TR_AMPpM2JtKuzcSU
INFO:root:active speakers changed: []
INFO:root:participant disconnected: PA_N5wUp8kmjf8w python-bot
INFO:livekit:livekit_ffi::server:132:livekit_ffi::server - initializing ffi server v0.9.1
INFO:livekit:livekit_ffi::cabi:27:livekit_ffi::cabi - initializing ffi server v0.9.1
INFO:livekit:livekit_api::signal_client::signal_stream:96:livekit_api::signal_client::signal_stream - connecting to wss://consultant-ai-weia2b76.livekit.cloud/rtc?sdk=rust&protocol=15&auto_subscribe=1&adaptive_stream=0&access_token=...
INFO:root:connected to room my-room
INFO:root:participants: {'python-bot': <livekit.rtc.participant.RemoteParticipant object at 0x7fced9175650>}
INFO:root:published track TR_AMyTmACbxTiwLB
INFO:root:active speakers changed: []
INFO:livekit:livekit::room:1027:livekit::room - disconnected from room with reason: ClientInitiated
INFO:root:connection state changed: 0
ERROR:root:error running user callback for disconnected: room_handle: 3
disconnected {
  reason: CLIENT_INITIATED
}
Traceback (most recent call last):
  File "/home/a/aslon/livekit-assistant/livekit_venv/lib/python3.11/site-packages/livekit/rtc/room.py", line 255, in _listen_task
    self._on_room_event(event.room_event)
  File "/home/a/aslon/livekit-assistant/livekit_venv/lib/python3.11/site-packages/livekit/rtc/room.py", line 505, in _on_room_event
    self.emit("disconnected", event.disconnected.reason)
  File "/home/a/aslon/livekit-assistant/livekit_venv/lib/python3.11/site-packages/livekit/rtc/_event_emitter.py", line 14, in emit
    callback(*args, **kwargs)
TypeError: main.<locals>.on_disconnected() takes 0 positional arguments but 1 was given
INFO:livekit:livekit_ffi::server:132:livekit_ffi::server - initializing ffi server v0.9.1
INFO:livekit:livekit_ffi::cabi:27:livekit_ffi::cabi - initializing ffi server v0.9.1
INFO:livekit:livekit_api::signal_client::signal_stream:96:livekit_api::signal_client::signal_stream - connecting to wss://consultant-ai-weia2b76.livekit.cloud/rtc?sdk=rust&protocol=15&auto_subscribe=1&adaptive_stream=0&access_token=...
INFO:root:connected to room my-room
INFO:root:participants: {'python-bot': <livekit.rtc.participant.RemoteParticipant object at 0x7ff9f5678c50>}
INFO:root:published track TR_AMFxgKXHojqhGz
INFO:root:active speakers changed: []
INFO:livekit:livekit::room:1027:livekit::room - disconnected from room with reason: ClientInitiated
INFO:root:connection state changed: 0
INFO:livekit:livekit_ffi::server:132:livekit_ffi::server - initializing ffi server v0.9.1
INFO:livekit:livekit_ffi::cabi:27:livekit_ffi::cabi - initializing ffi server v0.9.1
INFO:livekit:livekit_api::signal_client::signal_stream:96:livekit_api::signal_client::signal_stream - connecting to wss://consultant-ai-weia2b76.livekit.cloud/rtc?sdk=rust&protocol=15&auto_subscribe=1&adaptive_stream=0&access_token=...
INFO:root:connected to room my-room
INFO:root:participants: {'python-bot': <livekit.rtc.participant.RemoteParticipant object at 0x7f1f1c58d590>}
INFO:root:published track TR_AMnx7KCrXrXNBZ
INFO:root:active speakers changed: []
INFO:livekit:livekit::room:1027:livekit::room - disconnected from room with reason: ClientInitiated
INFO:root:connection state changed: 0
INFO:livekit:livekit_ffi::server:132:livekit_ffi::server - initializing ffi server v0.9.1
INFO:livekit:livekit_ffi::cabi:27:livekit_ffi::cabi - initializing ffi server v0.9.1
INFO:livekit:livekit_api::signal_client::signal_stream:96:livekit_api::signal_client::signal_stream - connecting to wss://consultant-ai-weia2b76.livekit.cloud/rtc?sdk=rust&protocol=15&auto_subscribe=1&adaptive_stream=0&access_token=...
INFO:root:connected to room my-room
INFO:root:participants: {}
INFO:root:published track TR_AMR77xjMXZqBrX
INFO:root:active speakers changed: []
INFO:root:participant connected: PA_h7MnN4qB8zeM python-bot
INFO:root:connection quality changed for python-client
INFO:root:participant disconnected: PA_h7MnN4qB8zeM python-bot
INFO:livekit:livekit::room:1027:livekit::room - disconnected from room with reason: ClientInitiated
INFO:root:connection state changed: 0
INFO:livekit:livekit_ffi::server:132:livekit_ffi::server - initializing ffi server v0.9.1
INFO:livekit:livekit_ffi::cabi:27:livekit_ffi::cabi - initializing ffi server v0.9.1
INFO:livekit:livekit_api::signal_client::signal_stream:96:livekit_api::signal_client::signal_stream - connecting to wss://consultant-ai-weia2b76.livekit.cloud/rtc?sdk=rust&protocol=15&auto_subscribe=1&adaptive_stream=0&access_token=...
INFO:root:connected to room my-room
INFO:root:participants: {'python-bot': <livekit.rtc.participant.RemoteParticipant object at 0x7f23a6df9590>}
INFO:root:published track TR_AM7XdNrYWVTnrj
INFO:root:active speakers changed: []
INFO:livekit:livekit::room:1027:livekit::room - disconnected from room with reason: ClientInitiated
INFO:root:connection state changed: 0
INFO:livekit:livekit_ffi::server:132:livekit_ffi::server - initializing ffi server v0.9.1
INFO:livekit:livekit_ffi::cabi:27:livekit_ffi::cabi - initializing ffi server v0.9.1
INFO:livekit:livekit_api::signal_client::signal_stream:96:livekit_api::signal_client::signal_stream - connecting to wss://consultant-ai-weia2b76.livekit.cloud/rtc?sdk=rust&protocol=15&auto_subscribe=1&adaptive_stream=0&access_token=...
INFO:root:connected to room my-room
INFO:root:participants: {'python-bot': <livekit.rtc.participant.RemoteParticipant object at 0x7f43c65a9a50>}
INFO:root:published track TR_AM28PYm2z4pmTZ
INFO:root:active speakers changed: []
INFO:root:participant disconnected: PA_MEX9xByJEJGG python-bot
INFO:livekit:livekit_ffi::server:132:livekit_ffi::server - initializing ffi server v0.9.1
INFO:livekit:livekit_ffi::cabi:27:livekit_ffi::cabi - initializing ffi server v0.9.1
INFO:livekit:livekit_api::signal_client::signal_stream:96:livekit_api::signal_client::signal_stream - connecting to wss://consultant-ai-weia2b76.livekit.cloud/rtc?sdk=rust&protocol=15&auto_subscribe=1&adaptive_stream=0&access_token=...
INFO:root:connected to room my-room
INFO:root:participants: {}
INFO:root:published track TR_AMtqFncq8ZBgNL
INFO:livekit:livekit::room:1027:livekit::room - disconnected from room with reason: ClientInitiated
INFO:livekit:livekit_ffi::server:132:livekit_ffi::server - initializing ffi server v0.9.1
INFO:livekit:livekit_ffi::cabi:27:livekit_ffi::cabi - initializing ffi server v0.9.1
INFO:livekit:livekit_api::signal_client::signal_stream:96:livekit_api::signal_client::signal_stream - connecting to wss://consultant-ai-weia2b76.livekit.cloud/rtc?sdk=rust&protocol=15&auto_subscribe=1&adaptive_stream=0&access_token=...
INFO:root:connected to room my-room
INFO:root:participants: {'python-bot': <livekit.rtc.participant.RemoteParticipant object at 0x7f409d9bad90>}
INFO:root:published track TR_AMQJ2wQUpYUPpb
INFO:root:active speakers changed: []
INFO:root:participant disconnected: PA_Fa8d6escYfiS python-bot
INFO:root:participant connected: PA_hqE2KrXVCiDD python-bot
INFO:root:connection quality changed for python-client
INFO:livekit:livekit::room:1027:livekit::room - disconnected from room with reason: ClientInitiated
INFO:root:connection state changed: 0
ERROR:root:error running user callback for disconnected: room_handle: 3
disconnected {
  reason: CLIENT_INITIATED
}
Traceback (most recent call last):
  File "/home/a/aslon/livekit-assistant/livekit_venv/lib/python3.11/site-packages/livekit/rtc/room.py", line 255, in _listen_task
    self._on_room_event(event.room_event)
  File "/home/a/aslon/livekit-assistant/livekit_venv/lib/python3.11/site-packages/livekit/rtc/room.py", line 505, in _on_room_event
    self.emit("disconnected", event.disconnected.reason)
  File "/home/a/aslon/livekit-assistant/livekit_venv/lib/python3.11/site-packages/livekit/rtc/_event_emitter.py", line 14, in emit
    callback(*args, **kwargs)
TypeError: main.<locals>.on_disconnected() takes 0 positional arguments but 1 was given
